{
  "stats": {
    "suites": 1,
    "tests": 4,
    "passes": 4,
    "pending": 0,
    "failures": 0,
    "start": "2024-06-02T16:48:46.597Z",
    "end": "2024-06-02T16:48:48.029Z",
    "duration": 1432,
    "testsRegistered": 4,
    "passPercent": 100,
    "pendingPercent": 0,
    "other": 0,
    "hasOther": false,
    "skipped": 0,
    "hasSkipped": false
  },
  "results": [
    {
      "uuid": "bc3c91f2-6def-45c7-988e-4cc8d5e1c865",
      "title": "",
      "fullFile": "C:\\Users\\AlyaAwaliaA\\Documents\\Bootcamp Prosigmaka\\jsonSchema\\Test\\ApiTesting.spec.js",
      "file": "\\Test\\ApiTesting.spec.js",
      "beforeHooks": [],
      "afterHooks": [],
      "tests": [
        {
          "title": "2. Post Api Todos/Add",
          "fullTitle": "2. Post Api Todos/Add",
          "timedOut": false,
          "duration": 728,
          "state": "passed",
          "speed": "slow",
          "pass": true,
          "fail": false,
          "pending": false,
          "context": null,
          "code": "const newData = { \n    todo: 'New Todo Alya Awalia', \n    userId: 8 \n}\ntry {\nconst res = await axios.post('https://dummyjson.com/todos/add', newData)\n    \n    expect(res.status).to.equal(200)\n    expect(res.data).to.be.jsonSchema(PostSchema)\n    expect(res.data.todo).to.equal(newData.todo)\n    expect(res.data.completed).to.equal(newData.completed)\n} catch (error) { //AxiosError: Request failed with status code 400\n    if (error.response && error.response.status === 400) {\n        console.error('Permintaan tidak valid:', error.response.data)\n    throw error\n    }\n}",
          "err": {},
          "uuid": "2f2ed0fa-3927-4c61-8382-b2e720c8c04b",
          "parentUUID": "bc3c91f2-6def-45c7-988e-4cc8d5e1c865",
          "isHook": false,
          "skipped": false
        },
        {
          "title": "3. Put Api Todos/1",
          "fullTitle": "3. Put Api Todos/1",
          "timedOut": false,
          "duration": 270,
          "state": "passed",
          "speed": "slow",
          "pass": true,
          "fail": false,
          "pending": false,
          "context": null,
          "code": "const updateData = { \n    todo: 'Updated Todo Alya Awalia', \n    completed: true \n}\nconst res = await axios.put('https://dummyjson.com/todos/1', updateData)\nexpect(res.status).to.equal(200)\nexpect(res.data).to.be.jsonSchema(PutSchema)\nexpect(res.data.todo).to.equal(updateData.todo)\nexpect(res.data.completed).to.equal(updateData.completed)",
          "err": {},
          "uuid": "e848a568-2a30-4887-9a2b-3102b82f95a9",
          "parentUUID": "bc3c91f2-6def-45c7-988e-4cc8d5e1c865",
          "isHook": false,
          "skipped": false
        },
        {
          "title": "4. Delete Api Todos/1",
          "fullTitle": "4. Delete Api Todos/1",
          "timedOut": false,
          "duration": 190,
          "state": "passed",
          "speed": "slow",
          "pass": true,
          "fail": false,
          "pending": false,
          "context": null,
          "code": "const res = await axios.delete('https://dummyjson.com/todos/1');\nexpect(res.status).to.equal(200)\nexpect(res.data).to.be.jsonSchema(Deleteschema)",
          "err": {},
          "uuid": "58f2a4da-7b78-4896-b1c5-403fb22172ee",
          "parentUUID": "bc3c91f2-6def-45c7-988e-4cc8d5e1c865",
          "isHook": false,
          "skipped": false
        }
      ],
      "suites": [
        {
          "uuid": "f984dc0b-a8eb-410c-aa55-356e4b69b9c0",
          "title": "Api Testing jsonSchema mochawesome",
          "fullFile": "C:\\Users\\AlyaAwaliaA\\Documents\\Bootcamp Prosigmaka\\jsonSchema\\Test\\ApiTesting.spec.js",
          "file": "\\Test\\ApiTesting.spec.js",
          "beforeHooks": [],
          "afterHooks": [],
          "tests": [
            {
              "title": "1. Get Api Todos/1",
              "fullTitle": "Api Testing jsonSchema mochawesome 1. Get Api Todos/1",
              "timedOut": false,
              "duration": 200,
              "state": "passed",
              "speed": "slow",
              "pass": true,
              "fail": false,
              "pending": false,
              "context": null,
              "code": "const res = await axios.get('https://dummyjson.com/todos/1')\nexpect(res.status).to.equal(200)\nexpect(res.data).to.be.jsonSchema(GetSchema)",
              "err": {},
              "uuid": "c4eaa4cb-1716-46c6-a3c6-e26df5980d77",
              "parentUUID": "f984dc0b-a8eb-410c-aa55-356e4b69b9c0",
              "isHook": false,
              "skipped": false
            }
          ],
          "suites": [],
          "passes": [
            "c4eaa4cb-1716-46c6-a3c6-e26df5980d77"
          ],
          "failures": [],
          "pending": [],
          "skipped": [],
          "duration": 200,
          "root": false,
          "rootEmpty": false,
          "_timeout": 2000
        }
      ],
      "passes": [
        "2f2ed0fa-3927-4c61-8382-b2e720c8c04b",
        "e848a568-2a30-4887-9a2b-3102b82f95a9",
        "58f2a4da-7b78-4896-b1c5-403fb22172ee"
      ],
      "failures": [],
      "pending": [],
      "skipped": [],
      "duration": 1188,
      "root": true,
      "rootEmpty": false,
      "_timeout": 2000
    }
  ],
  "meta": {
    "mocha": {
      "version": "10.4.0"
    },
    "mochawesome": {
      "options": {
        "quiet": false,
        "reportFilename": "mochawesome",
        "saveHtml": true,
        "saveJson": true,
        "consoleReporter": "spec",
        "useInlineDiffs": false,
        "code": true
      },
      "version": "7.1.3"
    },
    "marge": {
      "options": null,
      "version": "6.2.0"
    }
  }
}